-------------------------------------------------------------------------------
Test set: net.serenitybdd.examples.features.navigation.WhenBrowsingProductCategories
-------------------------------------------------------------------------------
Tests run: 2, Failures: 1, Errors: 0, Skipped: 0, Time elapsed: 47.355 sec <<< FAILURE! - in net.serenitybdd.examples.features.navigation.WhenBrowsingProductCategories
shouldSeeThreeTopSellingSmartphonesOnFirstThreePages(net.serenitybdd.examples.features.navigation.WhenBrowsingProductCategories)  Time elapsed: 20.2 sec  <<< FAILURE!
java.lang.AssertionError: expected:<[3]> but was:<[8]>
	at net.serenitybdd.examples.features.navigation.WhenBrowsingProductCategories.shouldSeeThreeTopSellingSmartphonesOnFirstThreePages(WhenBrowsingProductCategories.java:46)

