<?xml version="1.0" encoding="UTF-8"?><testsuite errors="0" failures="1" name="net.serenitybdd.examples.features.navigation.WhenBrowsingProductCategories" skipped="0" tests="2" time="41.16" timestamp="2019-03-18T19:11:07.682+02:00[Europe/Athens]"><testcase classname="net.serenitybdd.examples.features.navigation.WhenBrowsingProductCategories" name="Should be able to navigate to the electronics category"/><testcase classname="net.serenitybdd.examples.features.navigation.WhenBrowsingProductCategories" name="Should see three top selling smartphones on first three pages"><failure message="expected:&lt;[3]&gt; but was:&lt;[8]&gt;" type="org.junit.ComparisonFailure">expected:&lt;[3]&gt; but was:&lt;[8]&gt;</failure><system-err>expected:&lt;[3]&gt; but was:&lt;[8]&gt;&#13;
net.serenitybdd.examples.steps.NavigationUser.shouldSeeTopSellingSmartphonesInCount(NavigationUser.java:53)&#13;
net.serenitybdd.examples.features.navigation.WhenBrowsingProductCategories.shouldSeeThreeTopSellingSmartphonesOnFirstThreePages(WhenBrowsingProductCategories.java:46)&#13;
</system-err></testcase></testsuite>